This is pdfTeX, Version 3.14159265-2.6-1.40.17 (TeX Live 2016) (preloaded format=pdflatex 2017.3.15)  15 MAR 2017 20:14
entering extended mode
 restricted \write18 enabled.
 %&-line parsing enabled.
**mnogostat_1.tex
(./mnogostat_1.tex
LaTeX2e <2016/03/31>
Babel <3.9r> and hyphenation patterns for 22 language(s) loaded.
(/usr/local/texlive/2016basic/texmf-dist/tex/latex/base/article.cls
Document Class: article 2014/09/29 v1.4h Standard LaTeX document class
(/usr/local/texlive/2016basic/texmf-dist/tex/latex/base/size11.clo
File: size11.clo 2014/09/29 v1.4h Standard LaTeX file (size option)
)
\c@part=\count79
\c@section=\count80
\c@subsection=\count81
\c@subsubsection=\count82
\c@paragraph=\count83
\c@subparagraph=\count84
\c@figure=\count85
\c@table=\count86
\abovecaptionskip=\skip41
\belowcaptionskip=\skip42
\bibindent=\dimen102
)
(/usr/local/texlive/2016basic/texmf-dist/tex/latex/ucs/ucs.sty
Package: ucs 2013/05/11 v2.2 UCS: Unicode input support

(/usr/local/texlive/2016basic/texmf-dist/tex/latex/ucs/data/uni-global.def
File: uni-global.def 2013/05/13 UCS: Unicode global data
)
\uc@secondtry=\count87
\uc@combtoks=\toks14
\uc@combtoksb=\toks15
\uc@temptokena=\toks16
)
(/usr/local/texlive/2016basic/texmf-dist/tex/latex/base/inputenc.sty
Package: inputenc 2015/03/17 v1.2c Input encoding file
\inpenc@prehook=\toks17
\inpenc@posthook=\toks18

(/usr/local/texlive/2016basic/texmf-dist/tex/latex/ucs/utf8x.def
File: utf8x.def 2004/10/17 UCS: Input encoding UTF-8
))
(/usr/local/texlive/2016basic/texmf-dist/tex/generic/babel/babel.sty
Package: babel 2016/04/23 3.9r The Babel package

(/usr/local/texlive/2016basic/texmf-dist/tex/generic/babel-russian/russianb.ldf
Language: russianb 2017/01/12 1.3i Russian support for the Babel system
(/usr/local/texlive/2016basic/texmf-dist/tex/generic/babel/babel.def
File: babel.def 2016/04/23 3.9r Babel common definitions
\babel@savecnt=\count88
\U@D=\dimen103
)

Package babel Warning: No hyphenation patterns were preloaded for
(babel)                the language `Russian' into the format.
(babel)                Please, configure your TeX system to add them and
(babel)                rebuild the format. Now I will use the patterns
(babel)                preloaded for english instead on input line 26.

\l@russian = a dialect from \language0

Package babel Warning: No Cyrillic font encoding has been loaded so far.
(babel)                A font encoding should be declared before babel.
(babel)                Default `T2A' encoding will be loaded  on input line 69.


(/usr/local/texlive/2016basic/texmf-dist/tex/latex/cyrillic/t2aenc.def
File: t2aenc.def 2005/09/27 v1.0i Cyrillic encoding definition file
)
Package babel Info: Making " an active character on input line 111.
))
(/usr/local/texlive/2016basic/texmf-dist/tex/latex/psnfss/palatino.sty
Package: palatino 2005/04/12 PSNFSS-v9.2a (SPQR) 
)
(/usr/local/texlive/2016basic/texmf-dist/tex/latex/graphics/graphicx.sty
Package: graphicx 2014/10/28 v1.0g Enhanced LaTeX Graphics (DPC,SPQR)

(/usr/local/texlive/2016basic/texmf-dist/tex/latex/graphics/keyval.sty
Package: keyval 2014/10/28 v1.15 key=value parser (DPC)
\KV@toks@=\toks19
)
(/usr/local/texlive/2016basic/texmf-dist/tex/latex/graphics/graphics.sty
Package: graphics 2016/05/09 v1.0r Standard LaTeX Graphics (DPC,SPQR)

(/usr/local/texlive/2016basic/texmf-dist/tex/latex/graphics/trig.sty
Package: trig 2016/01/03 v1.10 sin cos tan (DPC)
)
(/usr/local/texlive/2016basic/texmf-dist/tex/latex/graphics-cfg/graphics.cfg
File: graphics.cfg 2016/01/02 v1.10 sample graphics configuration
)
Package graphics Info: Driver file: pdftex.def on input line 96.

(/usr/local/texlive/2016basic/texmf-dist/tex/latex/graphics-def/pdftex.def
File: pdftex.def 2017/01/12 v0.06k Graphics/color for pdfTeX

(/usr/local/texlive/2016basic/texmf-dist/tex/generic/oberdiek/infwarerr.sty
Package: infwarerr 2016/05/16 v1.4 Providing info/warning/error messages (HO)
)
(/usr/local/texlive/2016basic/texmf-dist/tex/generic/oberdiek/ltxcmds.sty
Package: ltxcmds 2016/05/16 v1.23 LaTeX kernel commands for general use (HO)
)
\Gread@gobject=\count89
))
\Gin@req@height=\dimen104
\Gin@req@width=\dimen105
)
(/usr/local/texlive/2016basic/texmf-dist/tex/latex/caption/caption.sty
Package: caption 2016/02/21 v3.3-144 Customizing captions (AR)

(/usr/local/texlive/2016basic/texmf-dist/tex/latex/caption/caption3.sty
Package: caption3 2016/02/04 v1.7-139 caption3 kernel (AR)
Package caption3 Info: TeX engine: e-TeX on input line 67.
\captionmargin=\dimen106
\captionmargin@=\dimen107
\captionwidth=\dimen108
\caption@tempdima=\dimen109
\caption@indent=\dimen110
\caption@parindent=\dimen111
\caption@hangindent=\dimen112
)
\c@ContinuedFloat=\count90
)
(/usr/local/texlive/2016basic/texmf-dist/tex/latex/adjustbox/adjustbox.sty
Package: adjustbox 2012/05/21 v1.0 Adjusting TeX boxes (trim, clip, ...)

(/usr/local/texlive/2016basic/texmf-dist/tex/latex/xkeyval/xkeyval.sty
Package: xkeyval 2014/12/03 v2.7a package option processing (HA)

(/usr/local/texlive/2016basic/texmf-dist/tex/generic/xkeyval/xkeyval.tex
(/usr/local/texlive/2016basic/texmf-dist/tex/generic/xkeyval/xkvutils.tex
\XKV@toks=\toks20
\XKV@tempa@toks=\toks21
)
\XKV@depth=\count91
File: xkeyval.tex 2014/12/03 v2.7a key=value parser (HA)
))
(/usr/local/texlive/2016basic/texmf-dist/tex/latex/adjustbox/adjcalc.sty
Package: adjcalc 2012/05/16 v1.1 Provides advanced setlength with multiple back
-ends (calc, etex, pgfmath)
)
(/usr/local/texlive/2016basic/texmf-dist/tex/latex/adjustbox/trimclip.sty
Package: trimclip 2012/05/16 v1.0 Trim and clip general TeX material

(/usr/local/texlive/2016basic/texmf-dist/tex/latex/collectbox/collectbox.sty
Package: collectbox 2012/05/17 v0.4b Collect macro arguments as boxes
\collectedbox=\box26
)
\tc@llx=\dimen113
\tc@lly=\dimen114
\tc@urx=\dimen115
\tc@ury=\dimen116
Package trimclip Info: Using driver 'tc-pdftex.def'.

(/usr/local/texlive/2016basic/texmf-dist/tex/latex/adjustbox/tc-pdftex.def
File: tc-pdftex.def 2012/05/13 v1.0 Clipping driver for pdftex
))
\adjbox@Width=\dimen117
\adjbox@Height=\dimen118
\adjbox@Depth=\dimen119
\adjbox@Totalheight=\dimen120
)
(/usr/local/texlive/2016basic/texmf-dist/tex/latex/xcolor/xcolor.sty
Package: xcolor 2016/05/11 v2.12 LaTeX color extensions (UK)

(/usr/local/texlive/2016basic/texmf-dist/tex/latex/graphics-cfg/color.cfg
File: color.cfg 2016/01/02 v1.6 sample color configuration
)
Package xcolor Info: Driver file: pdftex.def on input line 225.
Package xcolor Info: Model `cmy' substituted by `cmy0' on input line 1348.
Package xcolor Info: Model `hsb' substituted by `rgb' on input line 1352.
Package xcolor Info: Model `RGB' extended on input line 1364.
Package xcolor Info: Model `HTML' substituted by `rgb' on input line 1366.
Package xcolor Info: Model `Hsb' substituted by `hsb' on input line 1367.
Package xcolor Info: Model `tHsb' substituted by `hsb' on input line 1368.
Package xcolor Info: Model `HSB' substituted by `hsb' on input line 1369.
Package xcolor Info: Model `Gray' substituted by `gray' on input line 1370.
Package xcolor Info: Model `wave' substituted by `hsb' on input line 1371.
)
(/usr/local/texlive/2016basic/texmf-dist/tex/latex/tools/enumerate.sty
Package: enumerate 2015/07/23 v3.00 enumerate extensions (DPC)
\@enLab=\toks22
)
(/usr/local/texlive/2016basic/texmf-dist/tex/latex/geometry/geometry.sty
Package: geometry 2010/09/12 v5.6 Page Geometry

(/usr/local/texlive/2016basic/texmf-dist/tex/generic/oberdiek/ifpdf.sty
Package: ifpdf 2016/05/14 v3.1 Provides the ifpdf switch
)
(/usr/local/texlive/2016basic/texmf-dist/tex/generic/oberdiek/ifvtex.sty
Package: ifvtex 2016/05/16 v1.6 Detect VTeX and its facilities (HO)
Package ifvtex Info: VTeX not detected.
)
(/usr/local/texlive/2016basic/texmf-dist/tex/generic/ifxetex/ifxetex.sty
Package: ifxetex 2010/09/12 v0.6 Provides ifxetex conditional
)
\Gm@cnth=\count92
\Gm@cntv=\count93
\c@Gm@tempcnt=\count94
\Gm@bindingoffset=\dimen121
\Gm@wd@mp=\dimen122
\Gm@odd@mp=\dimen123
\Gm@even@mp=\dimen124
\Gm@layoutwidth=\dimen125
\Gm@layoutheight=\dimen126
\Gm@layouthoffset=\dimen127
\Gm@layoutvoffset=\dimen128
\Gm@dimlist=\toks23
)
(/usr/local/texlive/2016basic/texmf-dist/tex/latex/amsmath/amsmath.sty
Package: amsmath 2016/03/10 v2.15b AMS math features
\@mathmargin=\skip43

For additional information on amsmath, use the `?' option.
(/usr/local/texlive/2016basic/texmf-dist/tex/latex/amsmath/amstext.sty
Package: amstext 2000/06/29 v2.01 AMS text

(/usr/local/texlive/2016basic/texmf-dist/tex/latex/amsmath/amsgen.sty
File: amsgen.sty 1999/11/30 v2.0 generic functions
\@emptytoks=\toks24
\ex@=\dimen129
))
(/usr/local/texlive/2016basic/texmf-dist/tex/latex/amsmath/amsbsy.sty
Package: amsbsy 1999/11/29 v1.2d Bold Symbols
\pmbraise@=\dimen130
)
(/usr/local/texlive/2016basic/texmf-dist/tex/latex/amsmath/amsopn.sty
Package: amsopn 2016/03/08 v2.02 operator names
)
\inf@bad=\count95
LaTeX Info: Redefining \frac on input line 199.
\uproot@=\count96
\leftroot@=\count97
LaTeX Info: Redefining \overline on input line 297.
\classnum@=\count98
\DOTSCASE@=\count99
LaTeX Info: Redefining \ldots on input line 394.
LaTeX Info: Redefining \dots on input line 397.
LaTeX Info: Redefining \cdots on input line 518.
\Mathstrutbox@=\box27
\strutbox@=\box28
\big@size=\dimen131
LaTeX Font Info:    Redeclaring font encoding OML on input line 634.
LaTeX Font Info:    Redeclaring font encoding OMS on input line 635.
\macc@depth=\count100
\c@MaxMatrixCols=\count101
\dotsspace@=\muskip10
\c@parentequation=\count102
\dspbrk@lvl=\count103
\tag@help=\toks25
\row@=\count104
\column@=\count105
\maxfields@=\count106
\andhelp@=\toks26
\eqnshift@=\dimen132
\alignsep@=\dimen133
\tagshift@=\dimen134
\tagwidth@=\dimen135
\totwidth@=\dimen136
\lineht@=\dimen137
\@envbody=\toks27
\multlinegap=\skip44
\multlinetaggap=\skip45
\mathdisplay@stack=\toks28
LaTeX Info: Redefining \[ on input line 2739.
LaTeX Info: Redefining \] on input line 2740.
)
(/usr/local/texlive/2016basic/texmf-dist/tex/latex/amsfonts/amssymb.sty
Package: amssymb 2013/01/14 v3.01 AMS font symbols

(/usr/local/texlive/2016basic/texmf-dist/tex/latex/amsfonts/amsfonts.sty
Package: amsfonts 2013/01/14 v3.01 Basic AMSFonts support
\symAMSa=\mathgroup4
\symAMSb=\mathgroup5
LaTeX Font Info:    Overwriting math alphabet `\mathfrak' in version `bold'
(Font)                  U/euf/m/n --> U/euf/b/n on input line 106.
))
(/usr/local/texlive/2016basic/texmf-dist/tex/latex/base/textcomp.sty
Package: textcomp 2005/09/27 v1.99g Standard LaTeX package
Package textcomp Info: Sub-encoding information:
(textcomp)               5 = only ISO-Adobe without \textcurrency
(textcomp)               4 = 5 + \texteuro
(textcomp)               3 = 4 + \textohm
(textcomp)               2 = 3 + \textestimated + \textcurrency
(textcomp)               1 = TS1 - \textcircled - \t
(textcomp)               0 = TS1 (full)
(textcomp)             Font families with sub-encoding setting implement
(textcomp)             only a restricted character set as indicated.
(textcomp)             Family '?' is the default used for unknown fonts.
(textcomp)             See the documentation for details.
Package textcomp Info: Setting ? sub-encoding to TS1/1 on input line 79.

(/usr/local/texlive/2016basic/texmf-dist/tex/latex/base/ts1enc.def
File: ts1enc.def 2001/06/05 v3.0e (jk/car/fm) Standard LaTeX file
)
LaTeX Info: Redefining \oldstylenums on input line 334.
Package textcomp Info: Setting cmr sub-encoding to TS1/0 on input line 349.
Package textcomp Info: Setting cmss sub-encoding to TS1/0 on input line 350.
Package textcomp Info: Setting cmtt sub-encoding to TS1/0 on input line 351.
Package textcomp Info: Setting cmvtt sub-encoding to TS1/0 on input line 352.
Package textcomp Info: Setting cmbr sub-encoding to TS1/0 on input line 353.
Package textcomp Info: Setting cmtl sub-encoding to TS1/0 on input line 354.
Package textcomp Info: Setting ccr sub-encoding to TS1/0 on input line 355.
Package textcomp Info: Setting ptm sub-encoding to TS1/4 on input line 356.
Package textcomp Info: Setting pcr sub-encoding to TS1/4 on input line 357.
Package textcomp Info: Setting phv sub-encoding to TS1/4 on input line 358.
Package textcomp Info: Setting ppl sub-encoding to TS1/3 on input line 359.
Package textcomp Info: Setting pag sub-encoding to TS1/4 on input line 360.
Package textcomp Info: Setting pbk sub-encoding to TS1/4 on input line 361.
Package textcomp Info: Setting pnc sub-encoding to TS1/4 on input line 362.
Package textcomp Info: Setting pzc sub-encoding to TS1/4 on input line 363.
Package textcomp Info: Setting bch sub-encoding to TS1/4 on input line 364.
Package textcomp Info: Setting put sub-encoding to TS1/5 on input line 365.
Package textcomp Info: Setting uag sub-encoding to TS1/5 on input line 366.
Package textcomp Info: Setting ugq sub-encoding to TS1/5 on input line 367.
Package textcomp Info: Setting ul8 sub-encoding to TS1/4 on input line 368.
Package textcomp Info: Setting ul9 sub-encoding to TS1/4 on input line 369.
Package textcomp Info: Setting augie sub-encoding to TS1/5 on input line 370.
Package textcomp Info: Setting dayrom sub-encoding to TS1/3 on input line 371.
Package textcomp Info: Setting dayroms sub-encoding to TS1/3 on input line 372.

Package textcomp Info: Setting pxr sub-encoding to TS1/0 on input line 373.
Package textcomp Info: Setting pxss sub-encoding to TS1/0 on input line 374.
Package textcomp Info: Setting pxtt sub-encoding to TS1/0 on input line 375.
Package textcomp Info: Setting txr sub-encoding to TS1/0 on input line 376.
Package textcomp Info: Setting txss sub-encoding to TS1/0 on input line 377.
Package textcomp Info: Setting txtt sub-encoding to TS1/0 on input line 378.
Package textcomp Info: Setting lmr sub-encoding to TS1/0 on input line 379.
Package textcomp Info: Setting lmdh sub-encoding to TS1/0 on input line 380.
Package textcomp Info: Setting lmss sub-encoding to TS1/0 on input line 381.
Package textcomp Info: Setting lmssq sub-encoding to TS1/0 on input line 382.
Package textcomp Info: Setting lmvtt sub-encoding to TS1/0 on input line 383.
Package textcomp Info: Setting lmtt sub-encoding to TS1/0 on input line 384.
Package textcomp Info: Setting qhv sub-encoding to TS1/0 on input line 385.
Package textcomp Info: Setting qag sub-encoding to TS1/0 on input line 386.
Package textcomp Info: Setting qbk sub-encoding to TS1/0 on input line 387.
Package textcomp Info: Setting qcr sub-encoding to TS1/0 on input line 388.
Package textcomp Info: Setting qcs sub-encoding to TS1/0 on input line 389.
Package textcomp Info: Setting qpl sub-encoding to TS1/0 on input line 390.
Package textcomp Info: Setting qtm sub-encoding to TS1/0 on input line 391.
Package textcomp Info: Setting qzc sub-encoding to TS1/0 on input line 392.
Package textcomp Info: Setting qhvc sub-encoding to TS1/0 on input line 393.
Package textcomp Info: Setting futs sub-encoding to TS1/4 on input line 394.
Package textcomp Info: Setting futx sub-encoding to TS1/4 on input line 395.
Package textcomp Info: Setting futj sub-encoding to TS1/4 on input line 396.
Package textcomp Info: Setting hlh sub-encoding to TS1/3 on input line 397.
Package textcomp Info: Setting hls sub-encoding to TS1/3 on input line 398.
Package textcomp Info: Setting hlst sub-encoding to TS1/3 on input line 399.
Package textcomp Info: Setting hlct sub-encoding to TS1/5 on input line 400.
Package textcomp Info: Setting hlx sub-encoding to TS1/5 on input line 401.
Package textcomp Info: Setting hlce sub-encoding to TS1/5 on input line 402.
Package textcomp Info: Setting hlcn sub-encoding to TS1/5 on input line 403.
Package textcomp Info: Setting hlcw sub-encoding to TS1/5 on input line 404.
Package textcomp Info: Setting hlcf sub-encoding to TS1/5 on input line 405.
Package textcomp Info: Setting pplx sub-encoding to TS1/3 on input line 406.
Package textcomp Info: Setting pplj sub-encoding to TS1/3 on input line 407.
Package textcomp Info: Setting ptmx sub-encoding to TS1/4 on input line 408.
Package textcomp Info: Setting ptmj sub-encoding to TS1/4 on input line 409.
)
(/usr/local/texlive/2016basic/texmf-dist/tex/latex/upquote/upquote.sty
Package: upquote 2012/04/19 v1.3 upright-quote and grave-accent glyphs in verba
tim
)
(/usr/local/texlive/2016basic/texmf-dist/tex/latex/eurosym/eurosym.sty
Package: eurosym 1998/08/06 v1.1 European currency symbol ``Euro''
\@eurobox=\box29
)

! LaTeX Error: Option clash for package ucs.

See the LaTeX manual or LaTeX Companion for explanation.
Type  H <return>  for immediate help.
 ...                                              
                                                  
l.55     \usepackage
                    [utf8x]{inputenc} % Allow utf-8 characters in the tex do...

? H <return>
The package ucs has already been loaded with options:
  []
There has now been an attempt to load it with options
  [mathletters]
Adding the global options:
  ,mathletters
to your \documentclass declaration may fix this.
Try typing  <return>  to proceed.
? <return>
Type <return> to proceed, S to scroll future error messages,
R to run without stopping, Q to run quietly,
I to insert something, E to edit your file,
1 or ... or 9 to ignore the next 1 to 9 tokens of input,
H for help, X to quit.
? R
OK, entering \nonstopmode...
(/usr/local/texlive/2016basic/texmf-dist/tex/latex/fancyvrb/fancyvrb.sty
Package: fancyvrb 2008/02/07

Style option: `fancyvrb' v2.7a, with DG/SPQR fixes, and firstline=lastline fix 
<2008/02/07> (tvz)
\FV@CodeLineNo=\count107
\FV@InFile=\read1
\FV@TabBox=\box30
\c@FancyVerbLine=\count108
\FV@StepNumber=\count109
\FV@OutFile=\write3
)
(/usr/local/texlive/2016basic/texmf-dist/tex/latex/oberdiek/grffile.sty
Package: grffile 2016/05/16 v1.17 Extended file name support for graphics (HO)

(/usr/local/texlive/2016basic/texmf-dist/tex/latex/oberdiek/kvoptions.sty
Package: kvoptions 2016/05/16 v3.12 Key value format for package options (HO)

(/usr/local/texlive/2016basic/texmf-dist/tex/generic/oberdiek/kvsetkeys.sty
Package: kvsetkeys 2016/05/16 v1.17 Key value parser (HO)

(/usr/local/texlive/2016basic/texmf-dist/tex/generic/oberdiek/etexcmds.sty
Package: etexcmds 2016/05/16 v1.6 Avoid name clashes with e-TeX commands (HO)

(/usr/local/texlive/2016basic/texmf-dist/tex/generic/oberdiek/ifluatex.sty
Package: ifluatex 2016/05/16 v1.4 Provides the ifluatex switch (HO)
Package ifluatex Info: LuaTeX not detected.
)
Package etexcmds Info: Could not find \expanded.
(etexcmds)             That can mean that you are not using pdfTeX 1.50 or
(etexcmds)             that some package has redefined \expanded.
(etexcmds)             In the latter case, load this package earlier.
)))
(/usr/local/texlive/2016basic/texmf-dist/tex/generic/oberdiek/pdftexcmds.sty
Package: pdftexcmds 2016/05/10 v0.21 Utility functions of pdfTeX for LuaTeX (HO
)
Package pdftexcmds Info: LuaTeX not detected.
Package pdftexcmds Info: \pdf@primitive is available.
Package pdftexcmds Info: \pdf@ifprimitive is available.
Package pdftexcmds Info: \pdfdraftmode found.
)
Package grffile Info: Option `multidot' is set to `true'.
Package grffile Info: Option `extendedchars' is set to `false'.
Package grffile Info: Option `space' is set to `true'.
Package grffile Info: \Gin@ii of package `graphicx' fixed on input line 486.
)
(/usr/local/texlive/2016basic/texmf-dist/tex/latex/hyperref/hyperref.sty
Package: hyperref 2016/05/05 v6.83n Hypertext links for LaTeX

(/usr/local/texlive/2016basic/texmf-dist/tex/generic/oberdiek/hobsub-hyperref.s
ty
Package: hobsub-hyperref 2016/05/16 v1.14 Bundle oberdiek, subset hyperref (HO)


(/usr/local/texlive/2016basic/texmf-dist/tex/generic/oberdiek/hobsub-generic.st
y
Package: hobsub-generic 2016/05/16 v1.14 Bundle oberdiek, subset generic (HO)
Package: hobsub 2016/05/16 v1.14 Construct package bundles (HO)
Package hobsub Info: Skipping package `infwarerr' (already loaded).
Package hobsub Info: Skipping package `ltxcmds' (already loaded).
Package hobsub Info: Skipping package `ifluatex' (already loaded).
Package hobsub Info: Skipping package `ifvtex' (already loaded).
Package: intcalc 2016/05/16 v1.2 Expandable calculations with integers (HO)
Package hobsub Info: Skipping package `ifpdf' (already loaded).
Package hobsub Info: Skipping package `etexcmds' (already loaded).
Package hobsub Info: Skipping package `kvsetkeys' (already loaded).
Package: kvdefinekeys 2016/05/16 v1.4 Define keys (HO)
Package hobsub Info: Skipping package `pdftexcmds' (already loaded).
Package: pdfescape 2016/05/16 v1.14 Implements pdfTeX's escape features (HO)
Package: bigintcalc 2016/05/16 v1.4 Expandable calculations on big integers (HO
)
Package: bitset 2016/05/16 v1.2 Handle bit-vector datatype (HO)
Package: uniquecounter 2016/05/16 v1.3 Provide unlimited unique counter (HO)
)
Package hobsub Info: Skipping package `hobsub' (already loaded).
Package: letltxmacro 2016/05/16 v1.5 Let assignment for LaTeX macros (HO)
Package: hopatch 2016/05/16 v1.3 Wrapper for package hooks (HO)
Package: xcolor-patch 2016/05/16 xcolor patch
Package: atveryend 2016/05/16 v1.9 Hooks at the very end of document (HO)
Package atveryend Info: \enddocument detected (standard20110627).
Package: atbegshi 2016/05/16 v1.17 At begin shipout hook (HO)
Package: refcount 2016/05/16 v3.5 Data extraction from label references (HO)
Package: hycolor 2016/05/16 v1.8 Color options for hyperref/bookmark (HO)
) (/usr/local/texlive/2016basic/texmf-dist/tex/latex/oberdiek/auxhook.sty
Package: auxhook 2016/05/16 v1.4 Hooks for auxiliary files (HO)
)
\@linkdim=\dimen138
\Hy@linkcounter=\count110
\Hy@pagecounter=\count111

(/usr/local/texlive/2016basic/texmf-dist/tex/latex/hyperref/pd1enc.def
File: pd1enc.def 2016/05/05 v6.83n Hyperref: PDFDocEncoding definition (HO)
)
\Hy@SavedSpaceFactor=\count112
Package hyperref Info: Option `unicode' set `true' on input line 3414.

(/usr/local/texlive/2016basic/texmf-dist/tex/latex/hyperref/puenc.def
File: puenc.def 2016/05/05 v6.83n Hyperref: PDF Unicode definition (HO)
)
(/usr/local/texlive/2016basic/texmf-dist/tex/latex/latexconfig/hyperref.cfg
File: hyperref.cfg 2002/06/06 v1.2 hyperref configuration of TeXLive
)
Package hyperref Info: Hyper figures OFF on input line 4446.
Package hyperref Info: Link nesting OFF on input line 4451.
Package hyperref Info: Hyper index ON on input line 4454.
Package hyperref Info: Plain pages OFF on input line 4461.
Package hyperref Info: Backreferencing OFF on input line 4466.
Package hyperref Info: Implicit mode ON; LaTeX internals redefined.
Package hyperref Info: Bookmarks ON on input line 4691.
\c@Hy@tempcnt=\count113

(/usr/local/texlive/2016basic/texmf-dist/tex/latex/url/url.sty
\Urlmuskip=\muskip11
Package: url 2013/09/16  ver 3.4  Verb mode for urls, etc.
)
LaTeX Info: Redefining \url on input line 5044.
\XeTeXLinkMargin=\dimen139
\Fld@menulength=\count114
\Field@Width=\dimen140
\Fld@charsize=\dimen141
Package hyperref Info: Hyper figures OFF on input line 6298.
Package hyperref Info: Link nesting OFF on input line 6303.
Package hyperref Info: Hyper index ON on input line 6306.
Package hyperref Info: backreferencing OFF on input line 6313.
Package hyperref Info: Link coloring OFF on input line 6318.
Package hyperref Info: Link coloring with OCG OFF on input line 6323.
Package hyperref Info: PDF/A mode OFF on input line 6328.
LaTeX Info: Redefining \ref on input line 6368.
LaTeX Info: Redefining \pageref on input line 6372.
\Hy@abspage=\count115
\c@Item=\count116
\c@Hfootnote=\count117
)

Package hyperref Message: Driver (autodetected): hpdftex.

(/usr/local/texlive/2016basic/texmf-dist/tex/latex/hyperref/hpdftex.def
File: hpdftex.def 2016/05/05 v6.83n Hyperref driver for pdfTeX
\Fld@listcount=\count118
\c@bookmark@seq@number=\count119

(/usr/local/texlive/2016basic/texmf-dist/tex/latex/oberdiek/rerunfilecheck.sty
Package: rerunfilecheck 2016/05/16 v1.8 Rerun checks for auxiliary files (HO)
Package uniquecounter Info: New unique counter `rerunfilecheck' on input line 2
82.
)
\Hy@SectionHShift=\skip46
) (/usr/local/texlive/2016basic/texmf-dist/tex/latex/tools/longtable.sty
Package: longtable 2014/10/28 v4.11 Multi-page Table package (DPC)
\LTleft=\skip47
\LTright=\skip48
\LTpre=\skip49
\LTpost=\skip50
\LTchunksize=\count120
\LTcapwidth=\dimen142
\LT@head=\box31
\LT@firsthead=\box32
\LT@foot=\box33
\LT@lastfoot=\box34
\LT@cols=\count121
\LT@rows=\count122
\c@LT@tables=\count123
\c@LT@chunks=\count124
\LT@p@ftn=\toks29
)
(/usr/local/texlive/2016basic/texmf-dist/tex/latex/booktabs/booktabs.sty
Package: booktabs 2016/04/27 v1.618033 publication quality tables
\heavyrulewidth=\dimen143
\lightrulewidth=\dimen144
\cmidrulewidth=\dimen145
\belowrulesep=\dimen146
\belowbottomsep=\dimen147
\aboverulesep=\dimen148
\abovetopsep=\dimen149
\cmidrulesep=\dimen150
\cmidrulekern=\dimen151
\defaultaddspace=\dimen152
\@cmidla=\count125
\@cmidlb=\count126
\@aboverulesep=\dimen153
\@belowrulesep=\dimen154
\@thisruleclass=\count127
\@lastruleclass=\count128
\@thisrulewidth=\dimen155
)
(/usr/local/texlive/2016basic/texmf-dist/tex/generic/ulem/ulem.sty
\UL@box=\box35
\UL@hyphenbox=\box36
\UL@skip=\skip51
\UL@hook=\toks30
\UL@height=\dimen156
\UL@pe=\count129
\UL@pixel=\dimen157
\ULC@box=\box37
Package: ulem 2012/05/18
\ULdepth=\dimen158
)
Package hyperref Info: Option `breaklinks' set `true' on input line 263.
Package hyperref Info: Option `colorlinks' set `true' on input line 263.


LaTeX Warning: Unused global option(s):
    [mathletters].

(./mnogostat_1.aux)
\openout1 = `mnogostat_1.aux'.

LaTeX Font Info:    Checking defaults for OML/cmm/m/it on input line 270.
LaTeX Font Info:    ... okay on input line 270.
LaTeX Font Info:    Checking defaults for T1/cmr/m/n on input line 270.
LaTeX Font Info:    ... okay on input line 270.
LaTeX Font Info:    Checking defaults for OT1/cmr/m/n on input line 270.
LaTeX Font Info:    ... okay on input line 270.
LaTeX Font Info:    Checking defaults for OMS/cmsy/m/n on input line 270.
LaTeX Font Info:    ... okay on input line 270.
LaTeX Font Info:    Checking defaults for OMX/cmex/m/n on input line 270.
LaTeX Font Info:    ... okay on input line 270.
LaTeX Font Info:    Checking defaults for U/cmr/m/n on input line 270.
LaTeX Font Info:    ... okay on input line 270.
LaTeX Font Info:    Checking defaults for T2A/cmr/m/n on input line 270.
LaTeX Font Info:    Try loading font information for T2A+cmr on input line 270.


(/usr/local/texlive/2016basic/texmf-dist/tex/latex/cyrillic/t2acmr.fd
File: t2acmr.fd 2001/08/11 v1.0a Computer Modern Cyrillic font definitions
)
LaTeX Font Info:    ... okay on input line 270.
LaTeX Font Info:    Checking defaults for TS1/cmr/m/n on input line 270.
LaTeX Font Info:    Try loading font information for TS1+cmr on input line 270.


(/usr/local/texlive/2016basic/texmf-dist/tex/latex/base/ts1cmr.fd
File: ts1cmr.fd 2014/09/29 v2.5h Standard LaTeX font definitions
)
LaTeX Font Info:    ... okay on input line 270.
LaTeX Font Info:    Checking defaults for PD1/pdf/m/n on input line 270.
LaTeX Font Info:    ... okay on input line 270.
LaTeX Font Info:    Checking defaults for PU/pdf/m/n on input line 270.
LaTeX Font Info:    ... okay on input line 270.
LaTeX Font Info:    Try loading font information for OT1+ppl on input line 270.


(/usr/local/texlive/2016basic/texmf-dist/tex/latex/psnfss/ot1ppl.fd
File: ot1ppl.fd 2001/06/04 font definitions for OT1/ppl.
)
(/usr/local/texlive/2016basic/texmf-dist/tex/latex/ucs/ucsencs.def
File: ucsencs.def 2011/01/21 Fixes to fontencodings LGR, T3
)
LaTeX Font Info:    Try loading font information for T2A+ppl on input line 270.

LaTeX Font Info:    No file T2Appl.fd. on input line 270.


LaTeX Font Warning: Font shape `T2A/ppl/m/n' undefined
(Font)              using `T2A/cmr/m/n' instead on input line 270.

(/usr/local/texlive/2016basic/texmf-dist/tex/context/base/mkii/supp-pdf.mkii
[Loading MPS to PDF converter (version 2006.09.02).]
\scratchcounter=\count130
\scratchdimen=\dimen159
\scratchbox=\box38
\nofMPsegments=\count131
\nofMParguments=\count132
\everyMPshowfont=\toks31
\MPscratchCnt=\count133
\MPscratchDim=\dimen160
\MPnumerator=\count134
\makeMPintoPDFobject=\count135
\everyMPtoPDFconversion=\toks32
) (/usr/local/texlive/2016basic/texmf-dist/tex/latex/oberdiek/epstopdf-base.sty
Package: epstopdf-base 2016/05/15 v2.6 Base part for package epstopdf
(/usr/local/texlive/2016basic/texmf-dist/tex/latex/oberdiek/grfext.sty
Package: grfext 2016/05/16 v1.2 Manage graphics extensions (HO)
)
Package epstopdf-base Info: Redefining graphics rule for `.eps' on input line 4
38.
Package grfext Info: Graphics extension search list:
(grfext)             [.png,.pdf,.jpg,.mps,.jpeg,.jbig2,.jb2,.PNG,.PDF,.JPG,.JPE
G,.JBIG2,.JB2,.eps]
(grfext)             \AppendGraphicsExtensions on input line 456.

(/usr/local/texlive/2016basic/texmf-dist/tex/latex/latexconfig/epstopdf-sys.cfg
File: epstopdf-sys.cfg 2010/07/13 v1.3 Configuration of (r)epstopdf for TeX Liv
e
))
Package caption Info: Begin \AtBeginDocument code.
Package caption Info: hyperref package is loaded.
Package caption Info: longtable package is loaded.
 (/usr/local/texlive/2016basic/texmf-dist/tex/latex/caption/ltcaption.sty
Package: ltcaption 2013/06/09 v1.4-94 longtable captions (AR)
)
Package caption Info: End \AtBeginDocument code.

*geometry* driver: auto-detecting
*geometry* detected driver: pdftex
*geometry* verbose mode - [ preamble ] result:
* driver: pdftex
* paper: <default>
* layout: <same size as paper>
* layoutoffset:(h,v)=(0.0pt,0.0pt)
* modes: 
* h-part:(L,W,R)=(72.26999pt, 469.75502pt, 72.26999pt)
* v-part:(T,H,B)=(72.26999pt, 650.43001pt, 72.26999pt)
* \paperwidth=614.295pt
* \paperheight=794.96999pt
* \textwidth=469.75502pt
* \textheight=650.43001pt
* \oddsidemargin=0.0pt
* \evensidemargin=0.0pt
* \topmargin=-37.0pt
* \headheight=12.0pt
* \headsep=25.0pt
* \topskip=11.0pt
* \footskip=30.0pt
* \marginparwidth=59.0pt
* \marginparsep=10.0pt
* \columnsep=10.0pt
* \skip\footins=10.0pt plus 4.0pt minus 2.0pt
* \hoffset=0.0pt
* \voffset=0.0pt
* \mag=1000
* \@twocolumnfalse
* \@twosidefalse
* \@mparswitchfalse
* \@reversemarginfalse
* (1in=72.27pt=25.4mm, 1cm=28.453pt)

\AtBeginShipoutBox=\box39
Package hyperref Info: Link coloring ON on input line 270.
(/usr/local/texlive/2016basic/texmf-dist/tex/latex/hyperref/nameref.sty
Package: nameref 2012/10/27 v2.43 Cross-referencing by name of section

(/usr/local/texlive/2016basic/texmf-dist/tex/generic/oberdiek/gettitlestring.st
y
Package: gettitlestring 2016/05/16 v1.5 Cleanup title references (HO)
)
\c@section@level=\count136
)
LaTeX Info: Redefining \ref on input line 270.
LaTeX Info: Redefining \pageref on input line 270.
LaTeX Info: Redefining \nameref on input line 270.
 (./mnogostat_1.out) (./mnogostat_1.out)
\@outlinefile=\write4
\openout4 = `mnogostat_1.out'.

LaTeX Font Info:    Try loading font information for U+msa on input line 274.

(/usr/local/texlive/2016basic/texmf-dist/tex/latex/amsfonts/umsa.fd
File: umsa.fd 2013/01/14 v3.01 AMS symbols A
)
LaTeX Font Info:    Try loading font information for U+msb on input line 274.

(/usr/local/texlive/2016basic/texmf-dist/tex/latex/amsfonts/umsb.fd
File: umsb.fd 2013/01/14 v3.01 AMS symbols B
)

LaTeX Warning: No \author given.

LaTeX Font Info:    Try loading font information for T2A+pcr on input line 278.

LaTeX Font Info:    No file T2Apcr.fd. on input line 278.

LaTeX Font Warning: Font shape `T2A/pcr/m/n' undefined
(Font)              using `T2A/cmr/m/n' instead on input line 278.


LaTeX Font Warning: Font shape `T2A/pcr/bx/n' undefined
(Font)              using `T2A/pcr/m/n' instead on input line 279.

LaTeX Font Info:    Try loading font information for TS1+pcr on input line 294.

(/usr/local/texlive/2016basic/texmf-dist/tex/latex/psnfss/ts1pcr.fd
File: ts1pcr.fd 2001/06/04 font definitions for TS1/pcr.
)
(/usr/local/texlive/2016basic/texmf-dist/tex/latex/ucs/data/uni-4.def
File: uni-4.def 2013/05/13 UCS: Unicode data U+0400..U+04FF
)
Package babel Info: Redefining russian shorthand "|
(babel)             in language  on input line 337.
Package babel Info: Redefining russian shorthand "~
(babel)             in language  on input line 337.
Package babel Info: Redefining russian shorthand "|
(babel)             in language  on input line 337.
Package babel Info: Redefining russian shorthand "~
(babel)             in language  on input line 337.
 [1

{/usr/local/texlive/2016basic/texmf-var/fonts/map/pdftex/updmap/pdftex.map}]
Package babel Info: Redefining russian shorthand "|
(babel)             in language  on input line 393.
Package babel Info: Redefining russian shorthand "~
(babel)             in language  on input line 393.
Package babel Info: Redefining russian shorthand "|
(babel)             in language  on input line 393.
Package babel Info: Redefining russian shorthand "~
(babel)             in language  on input line 393.
 [2]
Package babel Info: Redefining russian shorthand "|
(babel)             in language  on input line 447.
Package babel Info: Redefining russian shorthand "~
(babel)             in language  on input line 447.
Package babel Info: Redefining russian shorthand "|
(babel)             in language  on input line 447.
Package babel Info: Redefining russian shorthand "~
(babel)             in language  on input line 447.

[3]
Package babel Info: Redefining russian shorthand "|
(babel)             in language  on input line 501.
Package babel Info: Redefining russian shorthand "~
(babel)             in language  on input line 501.
Package babel Info: Redefining russian shorthand "|
(babel)             in language  on input line 501.
Package babel Info: Redefining russian shorthand "~
(babel)             in language  on input line 501.
 [4]
Package babel Info: Redefining russian shorthand "|
(babel)             in language  on input line 555.
Package babel Info: Redefining russian shorthand "~
(babel)             in language  on input line 555.
Package babel Info: Redefining russian shorthand "|
(babel)             in language  on input line 555.
Package babel Info: Redefining russian shorthand "~
(babel)             in language  on input line 555.
 [5]
Package babel Info: Redefining russian shorthand "|
(babel)             in language  on input line 602.
Package babel Info: Redefining russian shorthand "~
(babel)             in language  on input line 602.
Package babel Info: Redefining russian shorthand "|
(babel)             in language  on input line 602.
Package babel Info: Redefining russian shorthand "~
(babel)             in language  on input line 602.
 [6]
Package babel Info: Redefining russian shorthand "|
(babel)             in language  on input line 650.
Package babel Info: Redefining russian shorthand "~
(babel)             in language  on input line 650.
Package babel Info: Redefining russian shorthand "|
(babel)             in language  on input line 650.
Package babel Info: Redefining russian shorthand "~
(babel)             in language  on input line 650.
 [7]
Package babel Info: Redefining russian shorthand "|
(babel)             in language  on input line 698.
Package babel Info: Redefining russian shorthand "~
(babel)             in language  on input line 698.
Package babel Info: Redefining russian shorthand "|
(babel)             in language  on input line 698.
Package babel Info: Redefining russian shorthand "~
(babel)             in language  on input line 698.
 [8]
Package babel Info: Redefining russian shorthand "|
(babel)             in language  on input line 746.
Package babel Info: Redefining russian shorthand "~
(babel)             in language  on input line 746.
Package babel Info: Redefining russian shorthand "|
(babel)             in language  on input line 746.
Package babel Info: Redefining russian shorthand "~
(babel)             in language  on input line 746.
 [9]
Package babel Info: Redefining russian shorthand "|
(babel)             in language  on input line 794.
Package babel Info: Redefining russian shorthand "~
(babel)             in language  on input line 794.
Package babel Info: Redefining russian shorthand "|
(babel)             in language  on input line 794.
Package babel Info: Redefining russian shorthand "~
(babel)             in language  on input line 794.
 [10]
Package babel Info: Redefining russian shorthand "|
(babel)             in language  on input line 842.
Package babel Info: Redefining russian shorthand "~
(babel)             in language  on input line 842.
Package babel Info: Redefining russian shorthand "|
(babel)             in language  on input line 842.
Package babel Info: Redefining russian shorthand "~
(babel)             in language  on input line 842.
 [11]
Package babel Info: Redefining russian shorthand "|
(babel)             in language  on input line 890.
Package babel Info: Redefining russian shorthand "~
(babel)             in language  on input line 890.
Package babel Info: Redefining russian shorthand "|
(babel)             in language  on input line 890.
Package babel Info: Redefining russian shorthand "~
(babel)             in language  on input line 890.
 [12]
Package babel Info: Redefining russian shorthand "|
(babel)             in language  on input line 938.
Package babel Info: Redefining russian shorthand "~
(babel)             in language  on input line 938.
Package babel Info: Redefining russian shorthand "|
(babel)             in language  on input line 938.
Package babel Info: Redefining russian shorthand "~
(babel)             in language  on input line 938.
 [13]
Package babel Info: Redefining russian shorthand "|
(babel)             in language  on input line 986.
Package babel Info: Redefining russian shorthand "~
(babel)             in language  on input line 986.
Package babel Info: Redefining russian shorthand "|
(babel)             in language  on input line 986.
Package babel Info: Redefining russian shorthand "~
(babel)             in language  on input line 986.
 [14]
Package babel Info: Redefining russian shorthand "|
(babel)             in language  on input line 1034.
Package babel Info: Redefining russian shorthand "~
(babel)             in language  on input line 1034.
Package babel Info: Redefining russian shorthand "|
(babel)             in language  on input line 1034.
Package babel Info: Redefining russian shorthand "~
(babel)             in language  on input line 1034.
 [15]
Package babel Info: Redefining russian shorthand "|
(babel)             in language  on input line 1082.
Package babel Info: Redefining russian shorthand "~
(babel)             in language  on input line 1082.
Package babel Info: Redefining russian shorthand "|
(babel)             in language  on input line 1082.
Package babel Info: Redefining russian shorthand "~
(babel)             in language  on input line 1082.
 [16]
Package babel Info: Redefining russian shorthand "|
(babel)             in language  on input line 1130.
Package babel Info: Redefining russian shorthand "~
(babel)             in language  on input line 1130.
Package babel Info: Redefining russian shorthand "|
(babel)             in language  on input line 1130.
Package babel Info: Redefining russian shorthand "~
(babel)             in language  on input line 1130.
 [17]
Package babel Info: Redefining russian shorthand "|
(babel)             in language  on input line 1178.
Package babel Info: Redefining russian shorthand "~
(babel)             in language  on input line 1178.
Package babel Info: Redefining russian shorthand "|
(babel)             in language  on input line 1178.
Package babel Info: Redefining russian shorthand "~
(babel)             in language  on input line 1178.
 [18]
Package babel Info: Redefining russian shorthand "|
(babel)             in language  on input line 1226.
Package babel Info: Redefining russian shorthand "~
(babel)             in language  on input line 1226.
Package babel Info: Redefining russian shorthand "|
(babel)             in language  on input line 1226.
Package babel Info: Redefining russian shorthand "~
(babel)             in language  on input line 1226.

[19]
Package babel Info: Redefining russian shorthand "|
(babel)             in language  on input line 1274.
Package babel Info: Redefining russian shorthand "~
(babel)             in language  on input line 1274.
Package babel Info: Redefining russian shorthand "|
(babel)             in language  on input line 1274.
Package babel Info: Redefining russian shorthand "~
(babel)             in language  on input line 1274.
 [20]
Package babel Info: Redefining russian shorthand "|
(babel)             in language  on input line 1322.
Package babel Info: Redefining russian shorthand "~
(babel)             in language  on input line 1322.
Package babel Info: Redefining russian shorthand "|
(babel)             in language  on input line 1322.
Package babel Info: Redefining russian shorthand "~
(babel)             in language  on input line 1322.
 [21]
Package babel Info: Redefining russian shorthand "|
(babel)             in language  on input line 1375.
Package babel Info: Redefining russian shorthand "~
(babel)             in language  on input line 1375.
Package babel Info: Redefining russian shorthand "|
(babel)             in language  on input line 1375.
Package babel Info: Redefining russian shorthand "~
(babel)             in language  on input line 1375.
 [22]
Package babel Info: Redefining russian shorthand "|
(babel)             in language  on input line 1422.
Package babel Info: Redefining russian shorthand "~
(babel)             in language  on input line 1422.
Package babel Info: Redefining russian shorthand "|
(babel)             in language  on input line 1422.
Package babel Info: Redefining russian shorthand "~
(babel)             in language  on input line 1422.
 [23]
Package babel Info: Redefining russian shorthand "|
(babel)             in language  on input line 1470.
Package babel Info: Redefining russian shorthand "~
(babel)             in language  on input line 1470.
Package babel Info: Redefining russian shorthand "|
(babel)             in language  on input line 1470.
Package babel Info: Redefining russian shorthand "~
(babel)             in language  on input line 1470.
 [24]
Package babel Info: Redefining russian shorthand "|
(babel)             in language  on input line 1518.
Package babel Info: Redefining russian shorthand "~
(babel)             in language  on input line 1518.
Package babel Info: Redefining russian shorthand "|
(babel)             in language  on input line 1518.
Package babel Info: Redefining russian shorthand "~
(babel)             in language  on input line 1518.
 [25]
Package babel Info: Redefining russian shorthand "|
(babel)             in language  on input line 1566.
Package babel Info: Redefining russian shorthand "~
(babel)             in language  on input line 1566.
Package babel Info: Redefining russian shorthand "|
(babel)             in language  on input line 1566.
Package babel Info: Redefining russian shorthand "~
(babel)             in language  on input line 1566.
 [26]
Package babel Info: Redefining russian shorthand "|
(babel)             in language  on input line 1614.
Package babel Info: Redefining russian shorthand "~
(babel)             in language  on input line 1614.
Package babel Info: Redefining russian shorthand "|
(babel)             in language  on input line 1614.
Package babel Info: Redefining russian shorthand "~
(babel)             in language  on input line 1614.
 [27]
Package babel Info: Redefining russian shorthand "|
(babel)             in language  on input line 1662.
Package babel Info: Redefining russian shorthand "~
(babel)             in language  on input line 1662.
Package babel Info: Redefining russian shorthand "|
(babel)             in language  on input line 1662.
Package babel Info: Redefining russian shorthand "~
(babel)             in language  on input line 1662.
 [28]
Package babel Info: Redefining russian shorthand "|
(babel)             in language  on input line 1710.
Package babel Info: Redefining russian shorthand "~
(babel)             in language  on input line 1710.
Package babel Info: Redefining russian shorthand "|
(babel)             in language  on input line 1710.
Package babel Info: Redefining russian shorthand "~
(babel)             in language  on input line 1710.
 [29]
Package babel Info: Redefining russian shorthand "|
(babel)             in language  on input line 1758.
Package babel Info: Redefining russian shorthand "~
(babel)             in language  on input line 1758.
Package babel Info: Redefining russian shorthand "|
(babel)             in language  on input line 1758.
Package babel Info: Redefining russian shorthand "~
(babel)             in language  on input line 1758.
 [30]
Package babel Info: Redefining russian shorthand "|
(babel)             in language  on input line 1806.
Package babel Info: Redefining russian shorthand "~
(babel)             in language  on input line 1806.
Package babel Info: Redefining russian shorthand "|
(babel)             in language  on input line 1806.
Package babel Info: Redefining russian shorthand "~
(babel)             in language  on input line 1806.
 [31]
Package babel Info: Redefining russian shorthand "|
(babel)             in language  on input line 1854.
Package babel Info: Redefining russian shorthand "~
(babel)             in language  on input line 1854.
Package babel Info: Redefining russian shorthand "|
(babel)             in language  on input line 1854.
Package babel Info: Redefining russian shorthand "~
(babel)             in language  on input line 1854.
 [32]
Package babel Info: Redefining russian shorthand "|
(babel)             in language  on input line 1902.
Package babel Info: Redefining russian shorthand "~
(babel)             in language  on input line 1902.
Package babel Info: Redefining russian shorthand "|
(babel)             in language  on input line 1902.
Package babel Info: Redefining russian shorthand "~
(babel)             in language  on input line 1902.
 [33]
Package babel Info: Redefining russian shorthand "|
(babel)             in language  on input line 1950.
Package babel Info: Redefining russian shorthand "~
(babel)             in language  on input line 1950.
Package babel Info: Redefining russian shorthand "|
(babel)             in language  on input line 1950.
Package babel Info: Redefining russian shorthand "~
(babel)             in language  on input line 1950.

[34]
Package babel Info: Redefining russian shorthand "|
(babel)             in language  on input line 1998.
Package babel Info: Redefining russian shorthand "~
(babel)             in language  on input line 1998.
Package babel Info: Redefining russian shorthand "|
(babel)             in language  on input line 1998.
Package babel Info: Redefining russian shorthand "~
(babel)             in language  on input line 1998.
 [35]
<mnogostat_1_files/mnogostat_1_16_0.png, id=155, 255.1131pt x 255.1131pt>
File: mnogostat_1_files/mnogostat_1_16_0.png Graphic file (type png)

<use mnogostat_1_files/mnogostat_1_16_0.png>
Package pdftex.def Info: mnogostat_1_files/mnogostat_1_16_0.png used on input l
ine 2049.
(pdftex.def)             Requested size: 255.11247pt x 255.11247pt.
Package babel Info: Redefining russian shorthand "|
(babel)             in language  on input line 2050.
Package babel Info: Redefining russian shorthand "~
(babel)             in language  on input line 2050.
Package babel Info: Redefining russian shorthand "|
(babel)             in language  on input line 2050.
Package babel Info: Redefining russian shorthand "~
(babel)             in language  on input line 2050.
 [36]
Underfull \hbox (badness 10000) in paragraph at lines 2051--2052

 []

Package babel Info: Redefining russian shorthand "|
(babel)             in language  on input line 2084.
Package babel Info: Redefining russian shorthand "~
(babel)             in language  on input line 2084.
Package babel Info: Redefining russian shorthand "|
(babel)             in language  on input line 2084.
Package babel Info: Redefining russian shorthand "~
(babel)             in language  on input line 2084.
[37 <./mnogostat_1_files/mnogostat_1_16_0.png>]
Package babel Info: Redefining russian shorthand "|
(babel)             in language  on input line 2131.
Package babel Info: Redefining russian shorthand "~
(babel)             in language  on input line 2131.
Package babel Info: Redefining russian shorthand "|
(babel)             in language  on input line 2131.
Package babel Info: Redefining russian shorthand "~
(babel)             in language  on input line 2131.
 [38]
Package babel Info: Redefining russian shorthand "|
(babel)             in language  on input line 2179.
Package babel Info: Redefining russian shorthand "~
(babel)             in language  on input line 2179.
Package babel Info: Redefining russian shorthand "|
(babel)             in language  on input line 2179.
Package babel Info: Redefining russian shorthand "~
(babel)             in language  on input line 2179.
 [39]
Package babel Info: Redefining russian shorthand "|
(babel)             in language  on input line 2227.
Package babel Info: Redefining russian shorthand "~
(babel)             in language  on input line 2227.
Package babel Info: Redefining russian shorthand "|
(babel)             in language  on input line 2227.
Package babel Info: Redefining russian shorthand "~
(babel)             in language  on input line 2227.
 [40]
Package babel Info: Redefining russian shorthand "|
(babel)             in language  on input line 2275.
Package babel Info: Redefining russian shorthand "~
(babel)             in language  on input line 2275.
Package babel Info: Redefining russian shorthand "|
(babel)             in language  on input line 2275.
Package babel Info: Redefining russian shorthand "~
(babel)             in language  on input line 2275.
 [41]
Package babel Info: Redefining russian shorthand "|
(babel)             in language  on input line 2323.
Package babel Info: Redefining russian shorthand "~
(babel)             in language  on input line 2323.
Package babel Info: Redefining russian shorthand "|
(babel)             in language  on input line 2323.
Package babel Info: Redefining russian shorthand "~
(babel)             in language  on input line 2323.
 [42]
Package babel Info: Redefining russian shorthand "|
(babel)             in language  on input line 2371.
Package babel Info: Redefining russian shorthand "~
(babel)             in language  on input line 2371.
Package babel Info: Redefining russian shorthand "|
(babel)             in language  on input line 2371.
Package babel Info: Redefining russian shorthand "~
(babel)             in language  on input line 2371.

[43]
Package atveryend Info: Empty hook `BeforeClearDocument' on input line 2421.
Package babel Info: Redefining russian shorthand "|
(babel)             in language  on input line 2421.
Package babel Info: Redefining russian shorthand "~
(babel)             in language  on input line 2421.
Package babel Info: Redefining russian shorthand "|
(babel)             in language  on input line 2421.
Package babel Info: Redefining russian shorthand "~
(babel)             in language  on input line 2421.
 [44]
Package atveryend Info: Empty hook `AfterLastShipout' on input line 2421.
 (./mnogostat_1.aux)
Package atveryend Info: Executing hook `AtVeryEndDocument' on input line 2421.
Package atveryend Info: Executing hook `AtEndAfterFileList' on input line 2421.

Package rerunfilecheck Info: File `mnogostat_1.out' has not changed.
(rerunfilecheck)             Checksum: D41D8CD98F00B204E9800998ECF8427E;0.


LaTeX Font Warning: Some font shapes were not available, defaults substituted.

Package atveryend Info: Empty hook `AtVeryVeryEnd' on input line 2421.
 ) 
Here is how much of TeX's memory you used:
 14941 strings out of 494447
 213311 string characters out of 6166766
 300886 words of memory out of 5000000
 18018 multiletter control sequences out of 15000+600000
 12125 words of font info for 40 fonts, out of 8000000 for 9000
 319 hyphenation exceptions out of 8191
 36i,6n,38p,507b,750s stack positions out of 5000i,500n,10000p,200000b,80000s
{/usr/local/texlive/2016basic/texmf-dist/fonts/enc/dvips/base/8r.enc}{/usr/lo
cal/texlive/2016basic/texmf-dist/fonts/enc/dvips/cm-super/cm-super-t2a.enc}</us
r/local/texlive/2016basic/texmf-dist/fonts/type1/public/cm-super/sfrm1095.pfb><
/usr/local/texlive/2016basic/texmf-dist/fonts/type1/public/cm-super/sfrm1200.pf
b></usr/local/texlive/2016basic/texmf-dist/fonts/type1/public/cm-super/sfrm1728
.pfb></usr/local/texlive/2016basic/texmf-dist/fonts/type1/urw/courier/ucrr8a.pf
b>
Output written on mnogostat_1.pdf (44 pages, 364388 bytes).
PDF statistics:
 227 PDF objects out of 1000 (max. 8388607)
 173 compressed objects within 2 object streams
 45 named destinations out of 1000 (max. 500000)
 6 words of extra memory for PDF output out of 10000 (max. 10000000)

